\BOOKMARK [-1][]{ctitle.-1}{\376\377\116\272\117\123\116\011\176\364\131\377\140\001\117\060\213\241\173\227\154\325\170\024\172\166}{}% 1
\BOOKMARK [0][]{thuchapter.1.0}{\376\377\116\055\145\207\144\130\211\201}{ctitle.-1}% 2
\BOOKMARK [0][]{thuchapter.2.0}{\376\377\000\101\000\102\000\123\000\124\000\122\000\101\000\103\000\124}{ctitle.-1}% 3
\BOOKMARK [0][]{thuchapter.3.0}{\376\377\166\356\000\040\137\125}{ctitle.-1}% 4
\BOOKMARK [0][]{thuchapter.4.0}{\376\377\116\073\211\201\173\046\123\367\133\371\161\147\210\150}{ctitle.-1}% 5
\BOOKMARK [0][]{chapter.1}{\376\377\173\054\000\040\000\061\000\040\172\340\000\040\176\352\213\272}{ctitle.-1}% 6
\BOOKMARK [1][-]{section.1.1}{\376\377\000\061\000\056\000\061\000\040\170\024\172\166\200\314\146\157}{chapter.1}% 7
\BOOKMARK [1][-]{section.1.2}{\376\377\000\061\000\056\000\062\000\040\170\024\172\166\163\260\162\266}{chapter.1}% 8
\BOOKMARK [2][-]{subsection.1.2.1}{\376\377\000\061\000\056\000\062\000\056\000\061\000\040\176\374\217\360}{section.1.2}% 9
\BOOKMARK [2][-]{subsection.1.2.2}{\376\377\000\061\000\056\000\062\000\056\000\062\000\040\116\214\176\364\131\377\140\001\117\060\213\241\173\227\154\325}{section.1.2}% 10
\BOOKMARK [3][-]{subsubsection.1.2.2.1}{\376\377\000\061\000\056\000\062\000\056\000\062\000\056\000\061\000\040\127\372\116\216\165\037\142\020\152\041\127\213\166\204\131\377\140\001\117\060\213\241\173\227\154\325}{subsection.1.2.2}% 11
\BOOKMARK [3][-]{subsubsection.1.2.2.2}{\376\377\000\061\000\056\000\062\000\056\000\062\000\056\000\062\000\040\127\372\116\216\122\044\122\053\152\041\127\213\166\204\131\377\140\001\117\060\213\241\173\227\154\325}{subsection.1.2.2}% 12
\BOOKMARK [3][-]{subsubsection.1.2.2.3}{\376\377\000\061\000\056\000\062\000\056\000\062\000\056\000\063\000\040\127\372\116\216\200\242\117\123\166\204\131\377\140\001\117\060\213\241\173\227\154\325}{subsection.1.2.2}% 13
\BOOKMARK [3][-]{subsubsection.1.2.2.4}{\376\377\000\061\000\056\000\062\000\056\000\062\000\056\000\064\000\040\121\166\116\326\173\227\154\325}{subsection.1.2.2}% 14
\BOOKMARK [2][-]{subsection.1.2.3}{\376\377\000\061\000\056\000\062\000\056\000\063\000\040\116\011\176\364\131\377\140\001\117\060\213\241\173\227\154\325}{section.1.2}% 15
\BOOKMARK [3][-]{subsubsection.1.2.3.1}{\376\377\000\061\000\056\000\062\000\056\000\063\000\056\000\061\000\040\127\372\116\216\162\171\137\201\166\204\131\377\140\001\117\060\213\241\173\227\154\325}{subsection.1.2.3}% 16
\BOOKMARK [3][-]{subsubsection.1.2.3.2}{\376\377\000\061\000\056\000\062\000\056\000\063\000\056\000\062\000\040\127\372\116\216\116\214\176\364\131\377\140\001\117\060\213\241\166\204\173\227\154\325}{subsection.1.2.3}% 17
\BOOKMARK [3][-]{subsubsection.1.2.3.3}{\376\377\000\061\000\056\000\062\000\056\000\063\000\056\000\063\000\040\123\112\201\352\122\250\131\377\140\001\117\060\213\241\173\227\154\325}{subsection.1.2.3}% 18
\BOOKMARK [2][-]{subsection.1.2.4}{\376\377\000\061\000\056\000\062\000\056\000\064\000\040\170\024\172\166\226\276\160\271}{section.1.2}% 19
\BOOKMARK [1][-]{section.1.3}{\376\377\000\061\000\056\000\063\000\040\225\356\230\230\143\317\217\360}{chapter.1}% 20
\BOOKMARK [1][-]{section.1.4}{\376\377\000\061\000\056\000\064\000\040\145\207\172\340\176\323\147\204}{chapter.1}% 21
\BOOKMARK [0][]{chapter.2}{\376\377\173\054\000\040\000\062\000\040\172\340\000\040\147\204\136\372\116\011\176\364\116\272\117\123\131\377\140\001\145\160\143\156\136\223}{ctitle.-1}% 22
\BOOKMARK [1][-]{section.2.1}{\376\377\000\062\000\056\000\061\000\040\000\110\000\165\000\155\000\141\000\156\000\105\000\166\000\141\145\160\143\156\136\223}{chapter.2}% 23
\BOOKMARK [2][-]{subsection.2.1.1}{\376\377\000\062\000\056\000\061\000\056\000\061\000\040\145\160\143\156\147\145\156\220}{section.2.1}% 24
\BOOKMARK [2][-]{subsection.2.1.2}{\376\377\000\062\000\056\000\061\000\056\000\062\000\040\145\160\143\156\176\337\213\241}{section.2.1}% 25
\BOOKMARK [1][-]{section.2.2}{\376\377\000\062\000\056\000\062\000\040\116\272\117\123\116\011\176\364\232\250\147\266\210\150\171\072}{chapter.2}% 26
\BOOKMARK [0][]{chapter.3}{\376\377\173\054\000\040\000\063\000\040\172\340\000\040\143\320\123\326\162\171\137\201}{ctitle.-1}% 27
\BOOKMARK [1][-]{section.3.1}{\376\377\000\063\000\056\000\061\000\040\126\376\162\107\230\204\131\004\164\006}{chapter.3}% 28
\BOOKMARK [2][-]{subsection.3.1.1}{\376\377\000\063\000\056\000\061\000\056\000\061\000\040\213\241\173\227\200\314\146\157\145\160\143\156}{section.3.1}% 29
\BOOKMARK [2][-]{subsection.3.1.2}{\376\377\000\063\000\056\000\061\000\056\000\062\000\040\134\100\220\350\117\030\123\026}{section.3.1}% 30
\BOOKMARK [1][-]{section.3.2}{\376\377\000\063\000\056\000\062\000\040\000\110\000\117\000\107\162\171\137\201}{chapter.3}% 31
\BOOKMARK [2][-]{subsection.3.2.1}{\376\377\000\063\000\056\000\062\000\056\000\061\000\040\151\202\217\360}{section.3.2}% 32
\BOOKMARK [2][-]{subsection.3.2.2}{\376\377\000\063\000\056\000\062\000\056\000\062\000\040\213\241\173\227\000\110\000\117\000\107\143\317\217\360\133\120}{section.3.2}% 33
\BOOKMARK [1][-]{section.3.3}{\376\377\000\063\000\056\000\063\000\040\166\256\200\244\162\171\137\201}{chapter.3}% 34
\BOOKMARK [1][-]{section.3.4}{\376\377\000\063\000\056\000\064\000\040\162\171\137\201\210\150\171\072}{chapter.3}% 35
\BOOKMARK [0][]{chapter.4}{\376\377\173\054\000\040\000\064\000\040\172\340\000\040\127\372\116\216\123\314\232\330\145\257\217\307\172\013\166\204\131\377\140\001\117\060\213\241\173\227\154\325}{ctitle.-1}% 36
\BOOKMARK [1][-]{section.4.1}{\376\377\000\064\000\056\000\061\000\040\151\202\217\360}{chapter.4}% 37
\BOOKMARK [1][-]{section.4.2}{\376\377\000\064\000\056\000\062\000\040\232\330\145\257\217\307\172\013\126\336\137\122}{chapter.4}% 38
\BOOKMARK [1][-]{section.4.3}{\376\377\000\064\000\056\000\063\000\040\123\314\232\330\145\257\217\307\172\013\126\336\137\122}{chapter.4}% 39
\BOOKMARK [2][-]{subsection.4.3.1}{\376\377\000\064\000\056\000\063\000\056\000\061\000\040\151\202\217\360}{section.4.3}% 40
\BOOKMARK [2][-]{subsection.4.3.2}{\376\377\000\064\000\056\000\063\000\056\000\062\000\040\000\113\000\114\145\143\136\246}{section.4.3}% 41
\BOOKMARK [2][-]{subsection.4.3.3}{\376\377\000\064\000\056\000\063\000\056\000\063\000\040\154\102\211\343\117\030\123\026\225\356\230\230}{section.4.3}% 42
\BOOKMARK [0][]{chapter.5}{\376\377\173\054\000\040\000\065\000\040\172\340\000\040\176\323\147\234\122\006\147\220\116\016\153\324\217\203}{ctitle.-1}% 43
\BOOKMARK [1][-]{section.5.1}{\376\377\000\065\000\056\000\061\000\040\217\320\210\114\163\257\130\203}{chapter.5}% 44
\BOOKMARK [0][]{chapter.6}{\376\377\173\054\000\040\000\066\000\040\172\340\000\040\140\073\176\323\116\016\134\125\147\033}{ctitle.-1}% 45
\BOOKMARK [0][]{section*.36}{\376\377\143\322\126\376\175\042\137\025}{ctitle.-1}% 46
\BOOKMARK [0][]{section*.38}{\376\377\210\150\150\074\175\042\137\025}{ctitle.-1}% 47
\BOOKMARK [0][]{section*.40}{\376\377\121\154\137\017\175\042\137\025}{ctitle.-1}% 48
\BOOKMARK [0][]{section*.42}{\376\377\201\364\000\040\214\042}{ctitle.-1}% 49
\BOOKMARK [0][]{section*.44}{\376\377\130\360\000\040\146\016}{ctitle.-1}% 50
\BOOKMARK [0][]{section*.46}{\376\377\226\104\137\125\000\101\000\040\131\026\145\207\215\104\145\231\177\373\213\321}{ctitle.-1}% 51
